#
# A fatal error has been detected by the Java Runtime Environment:
#
#  EXCEPTION_ACCESS_VIOLATION (0xc0000005) at pc=0x00007ffc0838c3f9, pid=6984, tid=0x0000000000000f10
#
# JRE version: Java(TM) SE Runtime Environment (8.0_101-b13) (build 1.8.0_101-b13)
# Java VM: Java HotSpot(TM) 64-Bit Server VM (25.101-b13 mixed mode windows-amd64 compressed oops)
# Problematic frame:
# C  [MSVCR120.dll+0x3c3f9]
#
# Failed to write core dump. Minidumps are not enabled by default on client versions of Windows
#
# If you would like to submit a bug report, please visit:
#   http://bugreport.java.com/bugreport/crash.jsp
# The crash happened outside the Java Virtual Machine in native code.
# See problematic frame for where to report the bug.
#

---------------  T H R E A D  ---------------

Current thread (0x00000000048ee000):  JavaThread "main" [_thread_in_native, id=3856, stack(0x0000000004740000,0x0000000004840000)]

siginfo: ExceptionCode=0xc0000005, reading address 0x0000000000000000

Registers:
RAX=0x0000000000025800, RBX=0x000000002462d5c8, RCX=0x0000000000025800, RDX=0xffffffffd8607fd0
RSP=0x000000000483f4f8, RBP=0x00000000253dd290, RSI=0x0000000000000000, RDI=0x00000000279f8030
R8 =0x0000000000025800, R9 =0x00000000266dc3b0, R10=0x0000000000000000, R11=0x00000000279f8030
R12=0x0000000000000000, R13=0x000000002462d5c8, R14=0x000000000483f608, R15=0x00000000048ee000
RIP=0x00007ffc0838c3f9, EFLAGS=0x0000000000010207

Top of Stack: (sp=0x000000000483f4f8)
0x000000000483f4f8:   00000000000002b0 00000000048ee1f8
0x000000000483f508:   00007ffc2e4389de 000000002462d5c8
0x000000000483f518:   00000000253dd290 00000000000002b0
0x000000000483f528:   00000000048ee1f8 00000000220e5440
0x000000000483f538:   00000000768252b1 00000000049f7da0
0x000000000483f548:   0000000004a07f54 000000000483f5d0
0x000000000483f558:   0000000000025800 00000000279f8030
0x000000000483f568:   000000007686bb40 000000000483f5f0
0x000000000483f578:   00000000048ee000 00000007c00007a8
0x000000000483f588:   0000000681c13ad0 000000000483f590
0x000000000483f598:   0000000000000000 000000000483f608
0x000000000483f5a8:   0000000024636d80 0000000000000000
0x000000000483f5b8:   000000002462d5c8 0000000000000000
0x000000000483f5c8:   000000000483f5f0 000000000483f650
0x000000000483f5d8:   00000000049f835d 0000000681c13ad0
0x000000000483f5e8:   0000000004a019d8 00000007570fbb78 

Instructions: (pc=0x00007ffc0838c3f9)
0x00007ffc0838c3d9:   03 c0 48 3b c8 0f 8c 96 03 00 00 0f ba 25 6c 53
0x00007ffc0838c3e9:   0a 00 01 73 13 57 56 48 8b f9 49 8b f2 49 8b c8
0x00007ffc0838c3f9:   f3 a4 5e 5f 49 8b c3 c3 0f ba 25 4f 53 0a 00 02
0x00007ffc0838c409:   0f 82 56 02 00 00 f6 c1 07 74 36 f6 c1 01 74 0b 


Register to memory mapping:

RAX=0x0000000000025800 is an unknown value
RBX={method} {0x000000002462d5d0} 'Image_data' '(JLcom/leapmotion/leap/Image;[B)V' in 'com/leapmotion/leap/LeapJNI'
RCX=0x0000000000025800 is an unknown value
RDX=0xffffffffd8607fd0 is an unknown value
RSP=0x000000000483f4f8 is pointing into the stack for thread: 0x00000000048ee000
RBP=0x00000000253dd290 is an unknown value
RSI=0x0000000000000000 is an unknown value
RDI=0x00000000279f8030 is an unknown value
R8 =0x0000000000025800 is an unknown value
R9 =0x00000000266dc3b0 is an unknown value
R10=0x0000000000000000 is an unknown value
R11=0x00000000279f8030 is an unknown value
R12=0x0000000000000000 is an unknown value
R13={method} {0x000000002462d5d0} 'Image_data' '(JLcom/leapmotion/leap/Image;[B)V' in 'com/leapmotion/leap/LeapJNI'
R14=0x000000000483f608 is pointing into the stack for thread: 0x00000000048ee000
R15=0x00000000048ee000 is a thread


Stack: [0x0000000004740000,0x0000000004840000],  sp=0x000000000483f4f8,  free space=1021k
Native frames: (J=compiled Java code, j=interpreted, Vv=VM code, C=native code)
C  [MSVCR120.dll+0x3c3f9]
C  0x00000000000002b0

Java frames: (J=compiled Java code, j=interpreted, Vv=VM code)
j  com.leapmotion.leap.LeapJNI.Image_data(JLcom/leapmotion/leap/Image;[B)V+0
j  com.leapmotion.leap.Image.data()[B+23
J 696 C2 com.quickscan.proto.Main.rawImage(Lcom/leapmotion/leap/Image;)Ljava/awt/image/BufferedImage; (116 bytes) @ 0x0000000004c61cd4 [0x0000000004c61c20+0xb4]
J 673% C2 com.quickscan.proto.Main.main([Ljava/lang/String;)V (168 bytes) @ 0x0000000004c56f8c [0x0000000004c56da0+0x1ec]
v  ~StubRoutines::call_stub

---------------  P R O C E S S  ---------------

Java Threads: ( => current thread )
  0x00000000230c9800 JavaThread "AWT-EventQueue-0" [_thread_blocked, id=9404, stack(0x0000000023b50000,0x0000000023c50000)]
  0x00000000230c5800 JavaThread "AWT-Shutdown" [_thread_blocked, id=1020, stack(0x0000000023a50000,0x0000000023b50000)]
  0x0000000022256000 JavaThread "AWT-Windows" daemon [_thread_in_native, id=1564, stack(0x0000000022b40000,0x0000000022c40000)]
  0x0000000022250800 JavaThread "Java2D Disposer" daemon [_thread_blocked, id=1956, stack(0x0000000022860000,0x0000000022960000)]
  0x0000000021e9c000 JavaThread "Service Thread" daemon [_thread_blocked, id=11700, stack(0x0000000022280000,0x0000000022380000)]
  0x000000002053c000 JavaThread "C1 CompilerThread2" daemon [_thread_blocked, id=5344, stack(0x0000000021d80000,0x0000000021e80000)]
  0x0000000020525800 JavaThread "C2 CompilerThread1" daemon [_thread_blocked, id=9192, stack(0x0000000021c80000,0x0000000021d80000)]
  0x000000002051d800 JavaThread "C2 CompilerThread0" daemon [_thread_blocked, id=10776, stack(0x0000000021b80000,0x0000000021c80000)]
  0x000000002051b800 JavaThread "Attach Listener" daemon [_thread_blocked, id=1732, stack(0x0000000021a80000,0x0000000021b80000)]
  0x000000002051a000 JavaThread "Signal Dispatcher" daemon [_thread_blocked, id=14056, stack(0x0000000021980000,0x0000000021a80000)]
  0x0000000020509000 JavaThread "Finalizer" daemon [_thread_blocked, id=13444, stack(0x0000000021790000,0x0000000021890000)]
  0x00000000049e1000 JavaThread "Reference Handler" daemon [_thread_blocked, id=13888, stack(0x0000000021690000,0x0000000021790000)]
=>0x00000000048ee000 JavaThread "main" [_thread_in_native, id=3856, stack(0x0000000004740000,0x0000000004840000)]

Other Threads:
  0x00000000204e7800 VMThread [stack: 0x0000000021590000,0x0000000021690000] [id=8936]
  0x0000000021e9f800 WatcherThread [stack: 0x0000000022380000,0x0000000022480000] [id=1632]

VM state:not at safepoint (normal execution)

VM Mutex/Monitor currently owned by a thread: None

Heap:
 PSYoungGen      total 76288K, used 20202K [0x0000000755f00000, 0x000000075b680000, 0x00000007c0000000)
  eden space 74240K, 25% used [0x0000000755f00000,0x0000000757121388,0x000000075a780000)
  from space 2048K, 79% used [0x000000075a900000,0x000000075aa99830,0x000000075ab00000)
  to   space 7680K, 0% used [0x000000075af00000,0x000000075af00000,0x000000075b680000)
 ParOldGen       total 218624K, used 3963K [0x0000000681c00000, 0x000000068f180000, 0x0000000755f00000)
  object space 218624K, 1% used [0x0000000681c00000,0x0000000681fdece8,0x000000068f180000)
 Metaspace       used 12844K, capacity 13120K, committed 13440K, reserved 1060864K
  class space    used 1503K, capacity 1592K, committed 1664K, reserved 1048576K

Card table byte_map: [0x0000000013db0000,0x00000000147b0000] byte_map_base: 0x00000000109a2000

Marking Bits: (ParMarkBitMap*) 0x0000000076f4a6d0
 Begin Bits: [0x0000000015260000, 0x000000001a1f0000)
 End Bits:   [0x000000001a1f0000, 0x000000001f180000)

Polling page: 0x0000000004670000

CodeCache: size=245760Kb used=3815Kb max_used=3826Kb free=241944Kb
 bounds [0x00000000049f0000, 0x0000000004db0000, 0x00000000139f0000]
 total_blobs=1756 nmethods=1251 adapters=418
 compilation: enabled

Compilation events (10 events):
Event: 46.955 Thread 0x0000000020525800 1247  s    4       com.leapmotion.leap.Interface::delete (37 bytes)
Event: 46.958 Thread 0x000000002051d800 1248       4       java.lang.Math::max (11 bytes)
Event: 46.959 Thread 0x000000002051d800 nmethod 1248 0x0000000004d77410 code [0x0000000004d77540, 0x0000000004d77598]
Event: 46.968 Thread 0x000000002051d800 1249  s    4       java.util.Hashtable::get (69 bytes)
Event: 46.968 Thread 0x0000000020525800 nmethod 1247 0x0000000004da42d0 code [0x0000000004da4400, 0x0000000004da4658]
Event: 47.019 Thread 0x000000002051d800 nmethod 1249 0x0000000004daaf90 code [0x0000000004dab100, 0x0000000004dab878]
Event: 47.479 Thread 0x000000002053c000 1250       3       java.awt.Window::getBackground (5 bytes)
Event: 47.482 Thread 0x000000002053c000 nmethod 1250 0x0000000004daaa10 code [0x0000000004daab80, 0x0000000004daaea8]
Event: 47.752 Thread 0x000000002053c000 1251       3       java.util.Arrays::fill (28 bytes)
Event: 47.754 Thread 0x000000002053c000 nmethod 1251 0x0000000004daea10 code [0x0000000004daeb80, 0x0000000004daede8]

GC Heap History (10 events):
Event: 28.931 GC heap before
{Heap before GC invocations=5 (full 0):
 PSYoungGen      total 95744K, used 87833K [0x0000000755f00000, 0x000000075c980000, 0x00000007c0000000)
  eden space 82432K, 100% used [0x0000000755f00000,0x000000075af80000,0x000000075af80000)
  from space 13312K, 40% used [0x000000075bc80000,0x000000075c1c67a0,0x000000075c980000)
  to   space 13312K, 0% used [0x000000075af80000,0x000000075af80000,0x000000075bc80000)
 ParOldGen       total 218624K, used 40K [0x0000000681c00000, 0x000000068f180000, 0x0000000755f00000)
  object space 218624K, 0% used [0x0000000681c00000,0x0000000681c0a000,0x000000068f180000)
 Metaspace       used 12782K, capacity 12992K, committed 13184K, reserved 1060864K
  class space    used 1503K, capacity 1592K, committed 1664K, reserved 1048576K
Event: 28.958 GC heap after
Heap after GC invocations=5 (full 0):
 PSYoungGen      total 85504K, used 4699K [0x0000000755f00000, 0x000000075bd00000, 0x00000007c0000000)
  eden space 80384K, 0% used [0x0000000755f00000,0x0000000755f00000,0x000000075ad80000)
  from space 5120K, 91% used [0x000000075af80000,0x000000075b416f70,0x000000075b480000)
  to   space 6656K, 0% used [0x000000075b680000,0x000000075b680000,0x000000075bd00000)
 ParOldGen       total 218624K, used 48K [0x0000000681c00000, 0x000000068f180000, 0x0000000755f00000)
  object space 218624K, 0% used [0x0000000681c00000,0x0000000681c0c000,0x000000068f180000)
 Metaspace       used 12782K, capacity 12992K, committed 13184K, reserved 1060864K
  class space    used 1503K, capacity 1592K, committed 1664K, reserved 1048576K
}
Event: 33.552 GC heap before
{Heap before GC invocations=6 (full 0):
 PSYoungGen      total 85504K, used 85083K [0x0000000755f00000, 0x000000075bd00000, 0x00000007c0000000)
  eden space 80384K, 100% used [0x0000000755f00000,0x000000075ad80000,0x000000075ad80000)
  from space 5120K, 91% used [0x000000075af80000,0x000000075b416f70,0x000000075b480000)
  to   space 6656K, 0% used [0x000000075b680000,0x000000075b680000,0x000000075bd00000)
 ParOldGen       total 218624K, used 48K [0x0000000681c00000, 0x000000068f180000, 0x0000000755f00000)
  object space 218624K, 0% used [0x0000000681c00000,0x0000000681c0c000,0x000000068f180000)
 Metaspace       used 12790K, capacity 12992K, committed 13184K, reserved 1060864K
  class space    used 1503K, capacity 1592K, committed 1664K, reserved 1048576K
Event: 33.575 GC heap after
Heap after GC invocations=6 (full 0):
 PSYoungGen      total 84480K, used 5385K [0x0000000755f00000, 0x000000075bc00000, 0x00000007c0000000)
  eden space 78848K, 0% used [0x0000000755f00000,0x0000000755f00000,0x000000075ac00000)
  from space 5632K, 95% used [0x000000075b680000,0x000000075bbc2790,0x000000075bc00000)
  to   space 6656K, 0% used [0x000000075af00000,0x000000075af00000,0x000000075b580000)
 ParOldGen       total 218624K, used 56K [0x0000000681c00000, 0x000000068f180000, 0x0000000755f00000)
  object space 218624K, 0% used [0x0000000681c00000,0x0000000681c0e000,0x000000068f180000)
 Metaspace       used 12790K, capacity 12992K, committed 13184K, reserved 1060864K
  class space    used 1503K, capacity 1592K, committed 1664K, reserved 1048576K
}
Event: 38.054 GC heap before
{Heap before GC invocations=7 (full 0):
 PSYoungGen      total 84480K, used 84233K [0x0000000755f00000, 0x000000075bc00000, 0x00000007c0000000)
  eden space 78848K, 100% used [0x0000000755f00000,0x000000075ac00000,0x000000075ac00000)
  from space 5632K, 95% used [0x000000075b680000,0x000000075bbc2790,0x000000075bc00000)
  to   space 6656K, 0% used [0x000000075af00000,0x000000075af00000,0x000000075b580000)
 ParOldGen       total 218624K, used 56K [0x0000000681c00000, 0x000000068f180000, 0x0000000755f00000)
  object space 218624K, 0% used [0x0000000681c00000,0x0000000681c0e000,0x000000068f180000)
 Metaspace       used 12823K, capacity 13056K, committed 13440K, reserved 1060864K
  class space    used 1503K, capacity 1592K, committed 1664K, reserved 1048576K
Event: 38.084 GC heap after
Heap after GC invocations=7 (full 0):
 PSYoungGen      total 79360K, used 1542K [0x0000000755f00000, 0x000000075b880000, 0x00000007c0000000)
  eden space 77312K, 0% used [0x0000000755f00000,0x0000000755f00000,0x000000075aa80000)
  from space 2048K, 75% used [0x000000075af00000,0x000000075b081830,0x000000075b100000)
  to   space 7168K, 0% used [0x000000075b180000,0x000000075b180000,0x000000075b880000)
 ParOldGen       total 218624K, used 3915K [0x0000000681c00000, 0x000000068f180000, 0x0000000755f00000)
  object space 218624K, 1% used [0x0000000681c00000,0x0000000681fd2ce8,0x000000068f180000)
 Metaspace       used 12823K, capacity 13056K, committed 13440K, reserved 1060864K
  class space    used 1503K, capacity 1592K, committed 1664K, reserved 1048576K
}
Event: 42.588 GC heap before
{Heap before GC invocations=8 (full 0):
 PSYoungGen      total 79360K, used 78854K [0x0000000755f00000, 0x000000075b880000, 0x00000007c0000000)
  eden space 77312K, 100% used [0x0000000755f00000,0x000000075aa80000,0x000000075aa80000)
  from space 2048K, 75% used [0x000000075af00000,0x000000075b081830,0x000000075b100000)
  to   space 7168K, 0% used [0x000000075b180000,0x000000075b180000,0x000000075b880000)
 ParOldGen       total 218624K, used 3915K [0x0000000681c00000, 0x000000068f180000, 0x0000000755f00000)
  object space 218624K, 1% used [0x0000000681c00000,0x0000000681fd2ce8,0x000000068f180000)
 Metaspace       used 12835K, capacity 13120K, committed 13440K, reserved 1060864K
  class space    used 1503K, capacity 1592K, committed 1664K, reserved 1048576K
Event: 42.594 GC heap after
Heap after GC invocations=8 (full 0):
 PSYoungGen      total 81408K, used 2742K [0x0000000755f00000, 0x000000075b700000, 0x00000007c0000000)
  eden space 75776K, 0% used [0x0000000755f00000,0x0000000755f00000,0x000000075a900000)
  from space 5632K, 48% used [0x000000075b180000,0x000000075b42d850,0x000000075b700000)
  to   space 7168K, 0% used [0x000000075a900000,0x000000075a900000,0x000000075b000000)
 ParOldGen       total 218624K, used 3931K [0x0000000681c00000, 0x000000068f180000, 0x0000000755f00000)
  object space 218624K, 1% used [0x0000000681c00000,0x0000000681fd6ce8,0x000000068f180000)
 Metaspace       used 12835K, capacity 13120K, committed 13440K, reserved 1060864K
  class space    used 1503K, capacity 1592K, committed 1664K, reserved 1048576K
}
Event: 46.945 GC heap before
{Heap before GC invocations=9 (full 0):
 PSYoungGen      total 81408K, used 78518K [0x0000000755f00000, 0x000000075b700000, 0x00000007c0000000)
  eden space 75776K, 100% used [0x0000000755f00000,0x000000075a900000,0x000000075a900000)
  from space 5632K, 48% used [0x000000075b180000,0x000000075b42d850,0x000000075b700000)
  to   space 7168K, 0% used [0x000000075a900000,0x000000075a900000,0x000000075b000000)
 ParOldGen       total 218624K, used 3931K [0x0000000681c00000, 0x000000068f180000, 0x0000000755f00000)
  object space 218624K, 1% used [0x0000000681c00000,0x0000000681fd6ce8,0x000000068f180000)
 Metaspace       used 12843K, capacity 13120K, committed 13440K, reserved 1060864K
  class space    used 1503K, capacity 1592K, committed 1664K, reserved 1048576K
Event: 46.952 GC heap after
Heap after GC invocations=9 (full 0):
 PSYoungGen      total 76288K, used 1638K [0x0000000755f00000, 0x000000075b680000, 0x00000007c0000000)
  eden space 74240K, 0% used [0x0000000755f00000,0x0000000755f00000,0x000000075a780000)
  from space 2048K, 79% used [0x000000075a900000,0x000000075aa99830,0x000000075ab00000)
  to   space 7680K, 0% used [0x000000075af00000,0x000000075af00000,0x000000075b680000)
 ParOldGen       total 218624K, used 3963K [0x0000000681c00000, 0x000000068f180000, 0x0000000755f00000)
  object space 218624K, 1% used [0x0000000681c00000,0x0000000681fdece8,0x000000068f180000)
 Metaspace       used 12843K, capacity 13120K, committed 13440K, reserved 1060864K
  class space    used 1503K, capacity 1592K, committed 1664K, reserved 1048576K
}

Deoptimization events (7 events):
Event: 4.871 Thread 0x00000000048ee000 Uncommon trap: reason=class_check action=maybe_recompile pc=0x0000000004b62f18 method=java.lang.String.equals(Ljava/lang/Object;)Z @ 8
Event: 4.881 Thread 0x00000000048ee000 Uncommon trap: reason=class_check action=maybe_recompile pc=0x0000000004b62f18 method=java.lang.String.equals(Ljava/lang/Object;)Z @ 8
Event: 4.884 Thread 0x00000000048ee000 Uncommon trap: reason=class_check action=maybe_recompile pc=0x0000000004b62f18 method=java.lang.String.equals(Ljava/lang/Object;)Z @ 8
Event: 4.884 Thread 0x00000000048ee000 Uncommon trap: reason=class_check action=maybe_recompile pc=0x0000000004b62f18 method=java.lang.String.equals(Ljava/lang/Object;)Z @ 8
Event: 5.368 Thread 0x00000000048ee000 Uncommon trap: reason=unstable_if action=reinterpret pc=0x0000000004c40004 method=com.quickscan.proto.Main.main([Ljava/lang/String;)V @ 158
Event: 5.718 Thread 0x00000000048ee000 Uncommon trap: reason=unstable_if action=reinterpret pc=0x0000000004c4fa00 method=com.quickscan.proto.Main.rawImage(Lcom/leapmotion/leap/Image;)Ljava/awt/image/BufferedImage; @ 37
Event: 5.987 Thread 0x00000000048ee000 Uncommon trap: reason=unstable_if action=reinterpret pc=0x0000000004c50d3c method=com.quickscan.proto.Main.rawImage(Lcom/leapmotion/leap/Image;)Ljava/awt/image/BufferedImage; @ 37

Internal exceptions (10 events):
Event: 1.628 Thread 0x00000000048ee000 Exception <a 'java/lang/NoSuchFieldError': method resolution failed> (0x00000007560730a8) thrown at [C:\re\workspace\8-2-build-windows-amd64-cygwin\jdk8u101\7261\hotspot\src\share\vm\prims\methodHandles.cpp, line 1146]
Event: 1.644 Thread 0x00000000048ee000 Exception <a 'java/lang/NoSuchFieldError': method resolution failed> (0x0000000756080478) thrown at [C:\re\workspace\8-2-build-windows-amd64-cygwin\jdk8u101\7261\hotspot\src\share\vm\prims\methodHandles.cpp, line 1146]
Event: 1.997 Thread 0x00000000048ee000 Exception <a 'java/io/FileNotFoundException'> (0x00000007562b0598) thrown at [C:\re\workspace\8-2-build-windows-amd64-cygwin\jdk8u101\7261\hotspot\src\share\vm\prims\jni.cpp, line 709]
Event: 2.753 Thread 0x00000000048ee000 Exception <a 'java/lang/ClassNotFoundException': java/lang/ObjectCustomizer> (0x000000075637bd70) thrown at [C:\re\workspace\8-2-build-windows-amd64-cygwin\jdk8u101\7261\hotspot\src\share\vm\classfile\systemDictionary.cpp, line 210]
Event: 2.780 Thread 0x00000000048ee000 Exception <a 'java/lang/ArrayIndexOutOfBoundsException': 18> (0x000000075637e7d0) thrown at [C:\re\workspace\8-2-build-windows-amd64-cygwin\jdk8u101\7261\hotspot\src\share\vm\interpreter\interpreterRuntime.cpp, line 366]
Event: 2.789 Thread 0x00000000048ee000 Exception <a 'java/lang/ArrayIndexOutOfBoundsException': 22> (0x0000000756381b30) thrown at [C:\re\workspace\8-2-build-windows-amd64-cygwin\jdk8u101\7261\hotspot\src\share\vm\interpreter\interpreterRuntime.cpp, line 366]
Event: 2.798 Thread 0x00000000048ee000 Exception <a 'java/lang/ArrayIndexOutOfBoundsException': 160> (0x0000000756383f08) thrown at [C:\re\workspace\8-2-build-windows-amd64-cygwin\jdk8u101\7261\hotspot\src\share\vm\interpreter\interpreterRuntime.cpp, line 366]
Event: 2.821 Thread 0x00000000048ee000 Exception <a 'java/lang/ClassNotFoundException': net/miginfocom/layout/UnitValueCustomizer> (0x0000000756389770) thrown at [C:\re\workspace\8-2-build-windows-amd64-cygwin\jdk8u101\7261\hotspot\src\share\vm\classfile\systemDictionary.cpp, line 210]
Event: 2.848 Thread 0x00000000048ee000 Exception <a 'java/lang/ClassNotFoundException': java/lang/ObjectCustomizer> (0x00000007563a1150) thrown at [C:\re\workspace\8-2-build-windows-amd64-cygwin\jdk8u101\7261\hotspot\src\share\vm\classfile\systemDictionary.cpp, line 210]
Event: 2.853 Thread 0x00000000048ee000 Exception <a 'java/lang/ClassNotFoundException': net/miginfocom/layout/BoundSizeCustomizer> (0x00000007563a81f8) thrown at [C:\re\workspace\8-2-build-windows-amd64-cygwin\jdk8u101\7261\hotspot\src\share\vm\classfile\systemDictionary.cpp, line 210]

Events (10 events):
Event: 28.930 Executing VM operation: ParallelGCFailedAllocation
Event: 28.958 Executing VM operation: ParallelGCFailedAllocation done
Event: 33.551 Executing VM operation: ParallelGCFailedAllocation
Event: 33.576 Executing VM operation: ParallelGCFailedAllocation done
Event: 38.053 Executing VM operation: ParallelGCFailedAllocation
Event: 38.085 Executing VM operation: ParallelGCFailedAllocation done
Event: 42.588 Executing VM operation: ParallelGCFailedAllocation
Event: 42.595 Executing VM operation: ParallelGCFailedAllocation done
Event: 46.945 Executing VM operation: ParallelGCFailedAllocation
Event: 46.953 Executing VM operation: ParallelGCFailedAllocation done


Dynamic libraries:
0x00007ff761890000 - 0x00007ff7618c7000 	C:\Program Files\Java\jdk1.8.0_101\bin\java.exe
0x00007ffc3d120000 - 0x00007ffc3d300000 	C:\WINDOWS\SYSTEM32\ntdll.dll
0x00007ffc07d60000 - 0x00007ffc07d94000 	C:\Program Files (x86)\AVG\Antivirus\x64\aswhooka.dll
0x00007ffc3b3e0000 - 0x00007ffc3b48e000 	C:\WINDOWS\System32\KERNEL32.DLL
0x00007ffc39730000 - 0x00007ffc39996000 	C:\WINDOWS\System32\KERNELBASE.dll
0x00007ffc3a770000 - 0x00007ffc3a811000 	C:\WINDOWS\System32\ADVAPI32.dll
0x00007ffc3b6f0000 - 0x00007ffc3b78d000 	C:\WINDOWS\System32\msvcrt.dll
0x00007ffc3ac70000 - 0x00007ffc3accb000 	C:\WINDOWS\System32\sechost.dll
0x00007ffc3b8d0000 - 0x00007ffc3b9ef000 	C:\WINDOWS\System32\RPCRT4.dll
0x00007ffc3acd0000 - 0x00007ffc3ae5f000 	C:\WINDOWS\System32\USER32.dll
0x00007ffc399f0000 - 0x00007ffc39a10000 	C:\WINDOWS\System32\win32u.dll
0x00007ffc3b3b0000 - 0x00007ffc3b3d8000 	C:\WINDOWS\System32\GDI32.dll
0x00007ffc3a3b0000 - 0x00007ffc3a543000 	C:\WINDOWS\System32\gdi32full.dll
0x00007ffc3a550000 - 0x00007ffc3a5eb000 	C:\WINDOWS\System32\msvcp_win.dll
0x00007ffc395d0000 - 0x00007ffc396c6000 	C:\WINDOWS\System32\ucrtbase.dll
0x00007ffc1f350000 - 0x00007ffc1f5b9000 	C:\WINDOWS\WinSxS\amd64_microsoft.windows.common-controls_6595b64144ccf1df_6.0.16299.248_none_15ced204935f55d7\COMCTL32.dll
0x00007ffc3ae60000 - 0x00007ffc3b168000 	C:\WINDOWS\System32\combase.dll
0x00007ffc3a160000 - 0x00007ffc3a1d2000 	C:\WINDOWS\System32\bcryptPrimitives.dll
0x00007ffc3b890000 - 0x00007ffc3b8bd000 	C:\WINDOWS\System32\IMM32.DLL
0x0000000076650000 - 0x0000000076722000 	C:\Program Files\Java\jdk1.8.0_101\jre\bin\msvcr100.dll
0x0000000076730000 - 0x0000000076fca000 	C:\Program Files\Java\jdk1.8.0_101\jre\bin\server\jvm.dll
0x00007ffc3b8c0000 - 0x00007ffc3b8c8000 	C:\WINDOWS\System32\PSAPI.DLL
0x00007ffc184f0000 - 0x00007ffc184f9000 	C:\WINDOWS\SYSTEM32\WSOCK32.dll
0x00007ffc3b810000 - 0x00007ffc3b87c000 	C:\WINDOWS\System32\WS2_32.dll
0x00007ffc368a0000 - 0x00007ffc368c3000 	C:\WINDOWS\SYSTEM32\WINMM.dll
0x00007ffc27a50000 - 0x00007ffc27a5a000 	C:\WINDOWS\SYSTEM32\VERSION.dll
0x00007ffc362b0000 - 0x00007ffc362da000 	C:\WINDOWS\SYSTEM32\WINMMBASE.dll
0x00007ffc399a0000 - 0x00007ffc399ea000 	C:\WINDOWS\System32\cfgmgr32.dll
0x0000000076600000 - 0x000000007660f000 	C:\Program Files\Java\jdk1.8.0_101\jre\bin\verify.dll
0x00000000765d0000 - 0x00000000765f9000 	C:\Program Files\Java\jdk1.8.0_101\jre\bin\java.dll
0x00000000765b0000 - 0x00000000765c6000 	C:\Program Files\Java\jdk1.8.0_101\jre\bin\zip.dll
0x00007ffc3b9f0000 - 0x00007ffc3ce26000 	C:\WINDOWS\System32\SHELL32.dll
0x00007ffc3a6c0000 - 0x00007ffc3a766000 	C:\WINDOWS\System32\shcore.dll
0x00007ffc39a10000 - 0x00007ffc3a157000 	C:\WINDOWS\System32\windows.storage.dll
0x00007ffc3b790000 - 0x00007ffc3b7e1000 	C:\WINDOWS\System32\shlwapi.dll
0x00007ffc39500000 - 0x00007ffc39511000 	C:\WINDOWS\System32\kernel.appcore.dll
0x00007ffc39490000 - 0x00007ffc394dc000 	C:\WINDOWS\System32\powrprof.dll
0x00007ffc39470000 - 0x00007ffc3948b000 	C:\WINDOWS\System32\profapi.dll
0x0000000076350000 - 0x00000000764e8000 	C:\Program Files\Java\jdk1.8.0_101\jre\bin\awt.dll
0x00007ffc3a5f0000 - 0x00007ffc3a6b5000 	C:\WINDOWS\System32\OLEAUT32.dll
0x00007ffc36fd0000 - 0x00007ffc37058000 	C:\WINDOWS\SYSTEM32\apphelp.dll
0x00007ffc37430000 - 0x00007ffc3745a000 	C:\WINDOWS\system32\DWMAPI.DLL
0x00007ffc371c0000 - 0x00007ffc37255000 	C:\WINDOWS\system32\uxtheme.dll
0x00007ffc3b500000 - 0x00007ffc3b667000 	C:\WINDOWS\System32\MSCTF.dll
0x00007ffc1c4e0000 - 0x00007ffc1c589000 	C:\Program Files\Common Files\microsoft shared\ink\tiptsf.dll
0x00007ffc3ce30000 - 0x00007ffc3cf79000 	C:\WINDOWS\System32\ole32.dll
0x0000000076300000 - 0x0000000076347000 	C:\Program Files\Java\jdk1.8.0_101\jre\bin\fontmanager.dll
0x0000000076590000 - 0x00000000765aa000 	C:\Program Files\Java\jdk1.8.0_101\jre\bin\net.dll
0x00007ffc38ca0000 - 0x00007ffc38d06000 	C:\WINDOWS\system32\mswsock.dll
0x0000000076570000 - 0x0000000076581000 	C:\Program Files\Java\jdk1.8.0_101\jre\bin\nio.dll
0x00000000762b0000 - 0x00000000762f2000 	C:\Program Files\Java\jdk1.8.0_101\jre\bin\t2k.dll
0x00007ffc2d540000 - 0x00007ffc2d5d8000 	C:\WINDOWS\System32\TextInputFramework.dll
0x00007ffc346e0000 - 0x00007ffc349ce000 	C:\WINDOWS\System32\CoreUIComponents.dll
0x00007ffc36900000 - 0x00007ffc369dc000 	C:\WINDOWS\System32\CoreMessaging.dll
0x00007ffc385b0000 - 0x00007ffc385e1000 	C:\WINDOWS\SYSTEM32\ntmarta.dll
0x00007ffc350a0000 - 0x00007ffc351d6000 	C:\WINDOWS\SYSTEM32\wintypes.dll
0x00007ffc3b170000 - 0x00007ffc3b20e000 	C:\WINDOWS\System32\clbcatq.dll
0x00007ffc2d010000 - 0x00007ffc2d216000 	C:\Windows\System32\uiautomationcore.dll
0x00007ffc392d0000 - 0x00007ffc3936a000 	C:\WINDOWS\SYSTEM32\sxs.dll
0x00007ffc214b0000 - 0x00007ffc2151e000 	C:\Windows\System32\OLEACC.dll
0x00007ffc2c810000 - 0x00007ffc2c891000 	C:\WINDOWS\SYSTEM32\twinapi.dll
0x00007ffc376b0000 - 0x00007ffc3782b000 	C:\WINDOWS\SYSTEM32\twinapi.appcore.dll
0x00007ffc375f0000 - 0x00007ffc37610000 	C:\WINDOWS\SYSTEM32\RMCLIENT.dll
0x00007ffc38fd0000 - 0x00007ffc38ff5000 	C:\WINDOWS\SYSTEM32\bcrypt.dll
0x00007ffc2e430000 - 0x00007ffc2e46a000 	C:\Users\Jon\Documents\NetBeansProjects\LeapMotion2\LeapJava.dll
0x00007ffc0b800000 - 0x00007ffc0b8a6000 	C:\Program Files\Java\jdk1.8.0_101\jre\bin\MSVCP120.dll
0x00007ffc08350000 - 0x00007ffc0843f000 	C:\Program Files\Java\jdk1.8.0_101\jre\bin\MSVCR120.dll
0x00007ffbfbc80000 - 0x00007ffbfc035000 	C:\Users\Jon\Documents\NetBeansProjects\LeapMotion2\Leap.dll
0x00007ffc38040000 - 0x00007ffc38208000 	C:\WINDOWS\SYSTEM32\dbghelp.dll

VM Arguments:
jvm_args: -Dfile.encoding=UTF-8 
java_command: com.quickscan.proto.Main
java_class_path (initial): C:\Users\Jon\Documents\programming\libraries\LeapDeveloperKit_3.2.1+45911_win\LeapSDK\lib\LeapJava.jar;C:\Users\Jon\Documents\programming\libraries\miglayout\miglayout-4.0-swing.jar;C:\Users\Jon\Documents\NetBeansProjects\LeapMotion2\build\classes
Launcher Type: SUN_STANDARD

Environment Variables:
JAVA_HOME=C:\Program Files\Java\jdk1.7.0_80
USERNAME=Jon
OS=Windows_NT
PROCESSOR_IDENTIFIER=Intel64 Family 6 Model 78 Stepping 3, GenuineIntel



---------------  S Y S T E M  ---------------

OS: Windows 10.0 , 64 bit Build 16299 (10.0.16299.15)

CPU:total 4 (2 cores per cpu, 2 threads per core) family 6 model 78 stepping 3, cmov, cx8, fxsr, mmx, sse, sse2, sse3, ssse3, sse4.1, sse4.2, popcnt, avx, avx2, aes, clmul, erms, rtm, 3dnowpref, lzcnt, ht, tsc, tscinvbit, bmi1, bmi2, adx

Memory: 4k page, physical 20856224k(15992312k free), swap 24001952k(18865660k free)

vm_info: Java HotSpot(TM) 64-Bit Server VM (25.101-b13) for windows-amd64 JRE (1.8.0_101-b13), built on Jun 22 2016 01:21:29 by "java_re" with MS VC++ 10.0 (VS2010)

time: Fri Mar 02 14:39:52 2018
elapsed time: 48 seconds (0d 0h 0m 48s)

